\BOOKMARK [0][-]{section*.1}{\376\377\000H\000A\000L\000A\000M\000A\000N\000\040\000J\000U\000D\000U\000L}{}% 1
\BOOKMARK [0][-]{section*.2}{\376\377\000H\000A\000L\000A\000M\000A\000N\000\040\000P\000E\000R\000S\000E\000T\000U\000J\000U\000A\000N}{}% 2
\BOOKMARK [0][-]{chapter*.5}{\376\377\000A\000B\000S\000T\000R\000A\000K}{}% 3
\BOOKMARK [0][-]{section*.6}{\376\377\000D\000A\000F\000T\000A\000R\000\040\000I\000S\000I}{}% 4
\BOOKMARK [0][-]{section*.7}{\376\377\000D\000A\000F\000T\000A\000R\000\040\000G\000A\000M\000B\000A\000R}{}% 5
\BOOKMARK [0][-]{section*.8}{\376\377\000D\000A\000F\000T\000A\000R\000\040\000T\000A\000B\000E\000L}{}% 6
\BOOKMARK [0][-]{chapter.1}{\376\377\000P\000E\000N\000D\000A\000H\000U\000L\000U\000A\000N}{}% 7
\BOOKMARK [1][-]{section.1.1}{\376\377\000L\000a\000t\000a\000r\000\040\000B\000e\000l\000a\000k\000a\000n\000g}{chapter.1}% 8
\BOOKMARK [1][-]{section.1.2}{\376\377\000P\000e\000r\000u\000m\000u\000s\000a\000n\000\040\000M\000a\000s\000a\000l\000a\000h}{chapter.1}% 9
\BOOKMARK [1][-]{section.1.3}{\376\377\000T\000u\000j\000u\000a\000n\000\040\000P\000e\000n\000e\000l\000i\000t\000i\000a\000n}{chapter.1}% 10
\BOOKMARK [1][-]{section.1.4}{\376\377\000M\000a\000n\000f\000a\000a\000t\000\040\000P\000e\000n\000e\000l\000i\000t\000i\000a\000n}{chapter.1}% 11
\BOOKMARK [0][-]{chapter.2}{\376\377\000T\000I\000N\000J\000A\000U\000A\000N\000\040\000P\000U\000S\000T\000A\000K\000A\000\040\000D\000A\000N\000\040\000L\000A\000N\000D\000A\000S\000A\000N\000\040\000T\000E\000O\000R\000I}{}% 12
\BOOKMARK [1][-]{section.2.1}{\376\377\000T\000i\000n\000j\000a\000u\000a\000n\000\040\000P\000u\000s\000t\000a\000k\000a}{chapter.2}% 13
\BOOKMARK [2][-]{subsection.2.1.1}{\376\377\000K\000e\000r\000a\000n\000g\000k\000a\000\040\000A\000n\000a\000l\000i\000s\000i\000s\000\040\000P\000r\000o\000b\000a\000b\000i\000l\000i\000s\000t\000i\000k\000\040\000u\000n\000t\000u\000k\000\040\000K\000e\000t\000i\000d\000a\000k\000p\000a\000s\000t\000i\000a\000n\000\040\000d\000a\000n\000\040\000V\000a\000r\000i\000a\000b\000i\000l\000i\000t\000a\000s\000\040\000M\000a\000s\000u\000k\000a\000n}{section.2.1}% 14
\BOOKMARK [2][-]{subsection.2.1.2}{\376\377\000B\000a\000t\000a\000s\000a\000n\000\040\000L\000e\000v\000e\000l\000\040\000T\000e\000g\000a\000n\000g\000a\000n\000\040\000S\000i\000s\000t\000e\000m\000\040\000D\000i\000s\000t\000r\000i\000b\000u\000s\000i\000\040\000T\000e\000g\000a\000n\000g\000a\000n\000\040\000R\000e\000n\000d\000a\000h}{section.2.1}% 15
\BOOKMARK [2][-]{subsection.2.1.3}{\376\377\000P\000e\000n\000d\000e\000k\000a\000t\000a\000n\000\040\000S\000t\000o\000k\000a\000s\000t\000i\000k\000\040\000d\000a\000l\000a\000m\000\040\000P\000e\000n\000e\000n\000t\000u\000a\000n\000\040\000K\000a\000p\000a\000s\000i\000t\000a\000s\000\040\000H\000o\000s\000t\000i\000n\000g}{section.2.1}% 16
\BOOKMARK [2][-]{subsection.2.1.4}{\376\377\000P\000r\000o\000s\000e\000d\000u\000r\000\040\000P\000e\000n\000e\000n\000t\000u\000a\000n\000\040\000K\000a\000p\000a\000s\000i\000t\000a\000s\000\040\000H\000o\000s\000t\000i\000n\000g\000\040\000S\000t\000o\000k\000a\000s\000t\000i\000k}{section.2.1}% 17
\BOOKMARK [2][-]{subsection.2.1.5}{\376\377\000S\000t\000r\000a\000t\000e\000g\000i\000\040\000P\000e\000n\000e\000t\000r\000a\000s\000i\000\040\000P\000L\000T\000S\000\040\000d\000a\000n\000\040\000B\000a\000t\000e\000r\000a\000i}{section.2.1}% 18
\BOOKMARK [2][-]{subsection.2.1.6}{\376\377\000U\000s\000u\000l\000a\000n\000\040\000S\000o\000l\000u\000s\000i\000\040\000d\000a\000n\000\040\000K\000e\000a\000s\000l\000i\000a\000n\000\040\000P\000e\000n\000e\000l\000i\000t\000i\000a\000n}{section.2.1}% 19
\BOOKMARK [3][-]{subsubsection.2.1.6.1}{\376\377\000U\000s\000u\000l\000a\000n\000\040\000S\000o\000l\000u\000s\000i}{subsection.2.1.6}% 20
\BOOKMARK [3][-]{subsubsection.2.1.6.2}{\376\377\000K\000e\000a\000s\000l\000i\000a\000n\000\040\000P\000e\000n\000e\000l\000i\000t\000i\000a\000n}{subsection.2.1.6}% 21
\BOOKMARK [1][-]{section.2.2}{\376\377\000L\000a\000n\000d\000a\000s\000a\000n\000\040\000T\000e\000o\000r\000i}{chapter.2}% 22
\BOOKMARK [2][-]{subsection.2.2.1}{\376\377\000K\000a\000p\000a\000s\000i\000t\000a\000s\000\040\000H\000o\000s\000t\000i\000n\000g\000\040\000P\000L\000T\000S\000\040\000T\000e\000r\000s\000e\000b\000a\000r\000\040\000p\000a\000d\000a\000\040\000P\000e\000n\000e\000t\000r\000a\000s\000i\000\040\000S\000k\000a\000l\000a\000\040\000B\000e\000s\000a\000r}{section.2.2}% 23
\BOOKMARK [2][-]{subsection.2.2.2}{\376\377\000P\000e\000n\000e\000n\000t\000u\000a\000n\000\040\000K\000a\000p\000a\000s\000i\000t\000a\000s\000\040\000H\000o\000s\000t\000i\000n\000g\000\040\000B\000e\000r\000b\000a\000s\000i\000s\000\040\000M\000o\000n\000t\000e\000\040\000C\000a\000r\000l\000o}{section.2.2}% 24
\BOOKMARK [2][-]{subsection.2.2.3}{\376\377\000K\000o\000n\000s\000e\000p\000\040\000M\000a\000r\000k\000o\000v\000\040\000C\000h\000a\000i\000n\000\040\000M\000o\000n\000t\000e\000\040\000C\000a\000r\000l\000o}{section.2.2}% 25
\BOOKMARK [3][-]{subsubsection.2.2.3.1}{\376\377\000P\000r\000o\000s\000e\000s\000\040\000M\000a\000r\000k\000o\000v}{subsection.2.2.3}% 26
\BOOKMARK [3][-]{subsubsection.2.2.3.2}{\376\377\000P\000r\000o\000b\000a\000b\000i\000l\000i\000t\000a\000s\000\040\000T\000r\000a\000n\000s\000i\000s\000i\000\040\000D\000a\000r\000i\000\040\000P\000r\000o\000s\000e\000s\000\040\000M\000a\000r\000k\000o\000v}{subsection.2.2.3}% 27
\BOOKMARK [3][-]{subsubsection.2.2.3.3}{\376\377\000M\000a\000r\000k\000o\000v\000\040\000C\000h\000a\000i\000n\000\040\000M\000o\000n\000t\000e\000\040\000C\000a\000r\000l\000o}{subsection.2.2.3}% 28
\BOOKMARK [2][-]{subsection.2.2.4}{\376\377\000J\000u\000m\000l\000a\000h\000\040\000P\000r\000o\000s\000e\000s\000\040\000A\000c\000a\000k}{section.2.2}% 29
\BOOKMARK [2][-]{subsection.2.2.5}{\376\377\000K\000e\000r\000a\000n\000g\000k\000a\000\040\000A\000n\000a\000l\000i\000s\000i\000s\000\040\000R\000u\000n\000t\000u\000n\000\040\000W\000a\000k\000t\000u}{section.2.2}% 30
\BOOKMARK [2][-]{subsection.2.2.6}{\376\377\000S\000t\000u\000d\000i\000\040\000A\000k\000u\000r\000a\000s\000i}{section.2.2}% 31
\BOOKMARK [1][-]{section.2.3}{\376\377\000H\000i\000p\000o\000t\000e\000s\000i\000s}{chapter.2}% 32
\BOOKMARK [0][-]{chapter.3}{\376\377\000M\000E\000T\000O\000D\000E\000\040\000P\000E\000N\000E\000L\000I\000T\000I\000A\000N}{}% 33
\BOOKMARK [1][-]{section.3.1}{\376\377\000P\000e\000n\000g\000k\000a\000j\000i\000a\000n\000\040\000P\000u\000s\000t\000a\000k\000a\000\040\000d\000a\000n\000\040\000P\000e\000r\000s\000i\000a\000p\000a\000n\000\040\000D\000a\000t\000a\000\040\000M\000a\000s\000u\000k\000a\000n}{chapter.3}% 34
\BOOKMARK [1][-]{section.3.2}{\376\377\000P\000e\000r\000a\000n\000c\000a\000n\000g\000a\000n\000\040\000M\000e\000t\000o\000d\000e\000\040\000d\000a\000n\000\040\000P\000e\000n\000g\000e\000r\000j\000a\000a\000n\000\040\000S\000i\000m\000u\000l\000a\000s\000i}{chapter.3}% 35
\BOOKMARK [2][-]{subsection.3.2.1}{\376\377\000K\000a\000p\000a\000s\000i\000t\000a\000s\000\040\000H\000o\000s\000t\000i\000n\000g\000\040\000S\000t\000o\000k\000a\000s\000t\000i\000k}{section.3.2}% 36
\BOOKMARK [2][-]{subsection.3.2.2}{\376\377\000B\000a\000t\000a\000s\000\040\000K\000i\000n\000e\000r\000j\000a\000\040\000O\000p\000e\000r\000a\000s\000i}{section.3.2}% 37
\BOOKMARK [2][-]{subsection.3.2.3}{\376\377\000K\000e\000r\000a\000n\000g\000k\000a\000\040\000A\000n\000a\000l\000i\000s\000i\000s\000\040\000R\000u\000n\000t\000u\000n\000\040\000W\000a\000k\000t\000u}{section.3.2}% 38
\BOOKMARK [2][-]{subsection.3.2.4}{\376\377\000P\000e\000r\000a\000n\000c\000a\000n\000g\000a\000n\000\040\000M\000e\000t\000o\000d\000e\000\040\000P\000e\000n\000e\000n\000t\000u\000a\000n\000\040\000K\000a\000p\000a\000s\000i\000t\000a\000s\000\040\000h\000o\000s\000t\000i\000n\000g\000\040\000S\000t\000o\000k\000a\000s\000t\000i\000k\000\040\000u\000n\000t\000u\000k\000\040\000P\000L\000T\000S\000\040\000T\000e\000r\000s\000e\000b\000a\000r}{section.3.2}% 39
\BOOKMARK [3][-]{subsubsection.3.2.4.1}{\376\377\000P\000e\000r\000a\000n\000c\000a\000n\000g\000a\000n\000\040\000S\000k\000e\000n\000a\000r\000i\000o\000\040\000P\000e\000n\000e\000t\000r\000a\000s\000i\000\040\000P\000L\000T\000S\000\040\000T\000e\000r\000s\000e\000b\000a\000r}{subsection.3.2.4}% 40
\BOOKMARK [3][-]{subsubsection.3.2.4.2}{\376\377\000P\000e\000r\000a\000n\000c\000a\000n\000g\000a\000n\000\040\000M\000a\000r\000k\000o\000v\000\040\000C\000h\000a\000i\000n\000\040\000M\000o\000n\000t\000e\000\040\000C\000a\000r\000l\000o}{subsection.3.2.4}% 41
\BOOKMARK [3][-]{subsubsection.3.2.4.3}{\376\377\000P\000e\000m\000b\000e\000n\000t\000u\000k\000a\000n\000\040\000A\000l\000g\000o\000r\000i\000t\000m\000e}{subsection.3.2.4}% 42
\BOOKMARK [2][-]{subsection.3.2.5}{\376\377\000P\000e\000n\000g\000e\000m\000b\000a\000n\000g\000a\000n\000\040\000M\000e\000t\000o\000d\000e\000\040\000d\000e\000n\000g\000a\000n\000\040\000P\000e\000r\000t\000i\000m\000b\000a\000n\000g\000a\000n\000\040\000P\000L\000T\000S\000\040\000d\000a\000n\000\040\000P\000L\000T\000S\000-\000B\000a\000t\000e\000r\000a\000i\000\040\000T\000e\000r\000s\000e\000b\000a\000r}{section.3.2}% 43
\BOOKMARK [3][-]{subsubsection.3.2.5.1}{\376\377\000P\000e\000n\000g\000e\000m\000b\000a\000n\000g\000a\000n\000\040\000S\000k\000e\000n\000a\000r\000i\000o\000\040\000P\000e\000n\000e\000t\000r\000a\000s\000i\000\040\000P\000L\000T\000S\000\040\000d\000a\000n\000\040\000P\000L\000T\000S\000-\000B\000a\000t\000e\000r\000a\000i\000\040\000T\000e\000r\000s\000e\000b\000a\000r}{subsection.3.2.5}% 44
\BOOKMARK [3][-]{subsubsection.3.2.5.2}{\376\377\000P\000e\000r\000a\000n\000c\000a\000n\000g\000a\000n\000\040\000O\000p\000e\000r\000a\000s\000i\000\040\000B\000a\000t\000e\000r\000a\000i\000\040\000p\000a\000d\000a\000\040\000P\000L\000T\000S\000-\000B\000a\000t\000e\000r\000a\000i}{subsection.3.2.5}% 45
\BOOKMARK [3][-]{subsubsection.3.2.5.3}{\376\377\000P\000e\000n\000g\000e\000m\000b\000a\000n\000g\000a\000n\000\040\000M\000a\000r\000k\000o\000v\000\040\000C\000h\000a\000i\000n\000\040\000M\000o\000n\000t\000e\000\040\000C\000a\000r\000l\000o}{subsection.3.2.5}% 46
\BOOKMARK [3][-]{subsubsection.3.2.5.4}{\376\377\000P\000e\000m\000b\000e\000n\000t\000u\000k\000a\000n\000\040\000A\000l\000g\000o\000r\000i\000t\000m\000e}{subsection.3.2.5}% 47
\BOOKMARK [1][-]{section.3.3}{\376\377\000P\000r\000o\000s\000e\000s\000\040\000A\000n\000a\000l\000i\000s\000i\000s\000\040\000H\000a\000s\000i\000l}{chapter.3}% 48
\BOOKMARK [2][-]{subsection.3.3.1}{\376\377\000A\000n\000a\000l\000i\000s\000i\000s\000\040\000H\000a\000s\000i\000l\000\040\000K\000a\000p\000a\000s\000i\000t\000a\000s\000\040\000h\000o\000s\000t\000i\000n\000g\000\040\000S\000t\000o\000k\000a\000s\000t\000i\000k}{section.3.3}% 49
\BOOKMARK [3][-]{subsubsection.3.3.1.1}{\376\377\000P\000e\000n\000g\000a\000r\000u\000h\000\040\000P\000e\000n\000e\000t\000r\000a\000s\000i\000\040\000P\000L\000T\000S\000\040\000d\000a\000n\000\040\000P\000L\000T\000S\000-\000B\000a\000t\000e\000r\000a\000i\000\040\000t\000e\000r\000h\000a\000d\000a\000p\000\040\000K\000a\000p\000a\000s\000i\000t\000a\000s\000\040\000h\000o\000s\000t\000i\000n\000g\000\040\000S\000t\000o\000k\000a\000s\000t\000i\000k}{subsection.3.3.1}% 50
\BOOKMARK [3][-]{subsubsection.3.3.1.2}{\376\377\000P\000e\000n\000g\000a\000r\000u\000h\000\040\000P\000e\000n\000e\000t\000r\000a\000s\000i\000\040\000P\000L\000T\000S\000\040\000d\000a\000n\000\040\000P\000L\000T\000S\000-\000B\000a\000t\000e\000r\000a\000i\000\040\000t\000e\000r\000h\000a\000d\000a\000p\000\040\000B\000a\000t\000a\000s\000\040\000O\000p\000e\000r\000a\000s\000i\000\040\000S\000i\000s\000t\000e\000m\000\040\000D\000i\000s\000t\000r\000i\000b\000u\000s\000i}{subsection.3.3.1}% 51
\BOOKMARK [3][-]{subsubsection.3.3.1.3}{\376\377\000S\000t\000u\000d\000i\000\040\000S\000e\000n\000s\000i\000t\000i\000v\000i\000t\000a\000s}{subsection.3.3.1}% 52
\BOOKMARK [2][-]{subsection.3.3.2}{\376\377\000E\000v\000a\000l\000u\000a\000s\000i\000\040\000A\000k\000u\000r\000a\000s\000i}{section.3.3}% 53
\BOOKMARK [0][-]{chapter.4}{\376\377\000K\000E\000M\000A\000J\000U\000A\000N\000\040\000P\000E\000N\000E\000L\000I\000T\000I\000A\000N}{}% 54
\BOOKMARK [1][-]{section.4.1}{\376\377\000R\000a\000n\000c\000a\000n\000g\000a\000n\000\040\000S\000k\000e\000n\000a\000r\000i\000o\000\040\000P\000e\000n\000e\000t\000r\000a\000s\000i\000\040\000P\000L\000T\000S\000\040\000T\000e\000r\000s\000e\000b\000a\000r}{chapter.4}% 55
\BOOKMARK [1][-]{section.4.2}{\376\377\000A\000l\000g\000o\000r\000i\000t\000m\000e}{chapter.4}% 56
\BOOKMARK [0][-]{chapter.5}{\376\377\000J\000A\000D\000W\000A\000L\000\040\000P\000E\000N\000E\000L\000I\000T\000I\000A\000N}{}% 57
\BOOKMARK [0][-]{section*.46}{\376\377\000D\000A\000F\000T\000A\000R\000\040\000P\000U\000S\000T\000A\000K\000A}{}% 58
