\BOOKMARK [0][-]{pagetop.i}{\376\377\000H\000A\000L\000A\000M\000A\000N\000\040\000J\000U\000D\000U\000L}{}% 1
\BOOKMARK [0][-]{pagetop.ii}{\376\377\000H\000A\000L\000A\000M\000A\000N\000\040\000S\000E\000T\000E\000L\000A\000H\000\040\000H\000A\000L\000A\000M\000A\000N\000\040\000J\000U\000D\000U\000L}{}% 2
\BOOKMARK [0][-]{pagetop.iii}{\376\377\000H\000A\000L\000A\000M\000A\000N\000\040\000P\000E\000R\000S\000E\000T\000U\000J\000U\000A\000N}{}% 3
\BOOKMARK [0][-]{pagetop.iv}{\376\377\000D\000A\000F\000T\000A\000R\000\040\000I\000S\000I}{}% 4
\BOOKMARK [0][-]{pagetop.vi}{\376\377\000D\000A\000F\000T\000A\000R\000\040\000G\000A\000M\000B\000A\000R}{}% 5
\BOOKMARK [0][-]{pagetop.vii}{\376\377\000D\000A\000F\000T\000A\000R\000\040\000T\000A\000B\000E\000L}{}% 6
\BOOKMARK [0][-]{pagetop.viii}{\376\377\000D\000A\000F\000T\000A\000R\000\040\000A\000R\000T\000I\000\040\000L\000A\000M\000B\000A\000N\000G\000\040\000D\000A\000N\000\040\000S\000I\000N\000G\000K\000A\000T\000A\000N}{}% 7
\BOOKMARK [0][-]{pagetop.ix}{\376\377\000A\000B\000S\000T\000R\000A\000K}{}% 8
\BOOKMARK [0][-]{pagetop.x}{\376\377\000A\000B\000S\000T\000R\000A\000C\000T}{}% 9
\BOOKMARK [0][-]{chapter.1}{\376\377\000P\000E\000N\000D\000A\000H\000U\000L\000U\000A\000N}{}% 10
\BOOKMARK [1][-]{section.1.1}{\376\377\000L\000a\000t\000a\000r\000\040\000B\000e\000l\000a\000k\000a\000n\000g}{chapter.1}% 11
\BOOKMARK [1][-]{section.1.2}{\376\377\000P\000e\000r\000u\000m\000u\000s\000a\000n\000\040\000M\000a\000s\000a\000l\000a\000h}{chapter.1}% 12
\BOOKMARK [1][-]{section.1.3}{\376\377\000T\000u\000j\000u\000a\000n\000\040\000P\000e\000n\000e\000l\000i\000t\000i\000a\000n}{chapter.1}% 13
\BOOKMARK [1][-]{section.1.4}{\376\377\000M\000a\000n\000f\000a\000a\000t\000\040\000P\000e\000n\000e\000l\000i\000t\000i\000a\000n}{chapter.1}% 14
\BOOKMARK [0][-]{chapter.2}{\376\377\000T\000I\000N\000J\000A\000U\000A\000N\000\040\000P\000U\000S\000T\000A\000K\000A\000\040\000D\000A\000N\000\040\000L\000A\000N\000D\000A\000S\000A\000N\000\040\000T\000E\000O\000R\000I}{}% 15
\BOOKMARK [1][-]{section.2.1}{\376\377\000T\000i\000n\000j\000a\000u\000a\000n\000\040\000P\000u\000s\000t\000a\000k\000a}{chapter.2}% 16
\BOOKMARK [2][-]{subsection.2.1.1}{\376\377\000V\000e\000s\000t\000i\000b\000u\000l\000u\000m\000\040\000A\000n\000t\000e}{section.2.1}% 17
\BOOKMARK [3][-]{subsubsection.2.1.1.1}{\376\377\000I\000p\000s\000u\000m\000\040\000P\000r\000i\000m\000i\000s}{subsection.2.1.1}% 18
\BOOKMARK [3][-]{subsubsection.2.1.1.2}{\376\377\000E\000t\000i\000a\000m\000\040\000M\000a\000s\000s\000a}{subsection.2.1.1}% 19
\BOOKMARK [2][-]{subsection.2.1.2}{\376\377\000V\000i\000t\000a\000e\000\040\000S\000u\000s\000p\000e\000n\000d\000i\000s\000s\000e\000\040\000N\000i\000s\000l}{section.2.1}% 20
\BOOKMARK [3][-]{subsubsection.2.1.2.1}{\376\377\000M\000o\000r\000b\000i\000\040\000M\000a\000l\000e\000s\000u\000a\000d\000a}{subsection.2.1.2}% 21
\BOOKMARK [3][-]{subsubsection.2.1.2.2}{\376\377\000S\000c\000i\000n\000g\000\040\000E\000t\000i\000a\000m\000\040\000L\000a\000c\000u\000s}{subsection.2.1.2}% 22
\BOOKMARK [1][-]{section.2.2}{\376\377\000L\000a\000n\000d\000a\000s\000a\000n\000\040\000T\000e\000o\000r\000i}{chapter.2}% 23
\BOOKMARK [2][-]{subsection.2.2.1}{\376\377\000A\000m\000e\000t\000\040\000S\000e\000m\000p\000e\000r\000\040\000N\000u\000l\000l\000a}{section.2.2}% 24
\BOOKMARK [2][-]{subsection.2.2.2}{\376\377\000L\000a\000o\000r\000e\000e\000t\000\040\000N\000o\000n}{section.2.2}% 25
\BOOKMARK [1][-]{section.2.3}{\376\377\000H\000i\000p\000o\000t\000e\000s\000i\000s}{chapter.2}% 26
\BOOKMARK [0][-]{chapter.3}{\376\377\000M\000E\000T\000O\000D\000E\000\040\000P\000E\000N\000E\000L\000I\000T\000I\000A\000N}{}% 27
\BOOKMARK [1][-]{section.3.1}{\376\377\000A\000d\000i\000p\000i\000s\000c\000i\000n\000g\000\040\000E\000l\000i\000t\000\040\000E\000l\000e\000m\000e\000n\000t\000u\000m}{chapter.3}% 28
\BOOKMARK [2][-]{subsection.3.1.1}{\376\377\000O\000r\000c\000i\000\040\000T\000r\000i\000s\000t\000i\000q\000u\000e\000\040\000E\000u}{section.3.1}% 29
\BOOKMARK [3][-]{subsubsection.3.1.1.1}{\376\377\000M\000a\000l\000e\000s\000u\000a\000d\000a\000\040\000D\000o\000n\000e\000c\000\040\000U\000l\000r\000i\000c\000e\000s\000\040\000D\000u\000i}{subsection.3.1.1}% 30
\BOOKMARK [3][-]{subsubsection.3.1.1.2}{\376\377\000B\000i\000b\000e\000n\000d\000u\000m\000\040\000C\000o\000n\000s\000e\000c\000t\000e\000t\000u\000e\000r\000\040\000V\000i\000v\000a\000m\000u\000s}{subsection.3.1.1}% 31
\BOOKMARK [0][-]{chapter.4}{\376\377\000H\000A\000S\000I\000L\000\040\000D\000A\000N\000\040\000P\000E\000M\000B\000A\000H\000A\000S\000A\000N}{}% 32
\BOOKMARK [1][-]{section.4.1}{\376\377\000N\000a\000m\000\040\000N\000u\000l\000l\000a\000\040\000P\000r\000o\000i\000n}{chapter.4}% 33
\BOOKMARK [2][-]{subsection.4.1.1}{\376\377\000M\000a\000u\000r\000i\000s\000\040\000D\000u\000i\000\040\000P\000r\000e\000t\000i\000u\000m}{section.4.1}% 34
\BOOKMARK [3][-]{subsubsection.4.1.1.1}{\376\377\000M\000e\000t\000u\000s\000\040\000E\000g\000e\000s\000t\000a\000s\000\040\000O\000r\000n\000a\000r\000e}{subsection.4.1.1}% 35
\BOOKMARK [3][-]{subsubsection.4.1.1.2}{\376\377\000P\000e\000l\000l\000e\000n\000t\000e\000s\000q\000u\000e\000\040\000L\000e\000c\000t\000u\000s\000\040\000L\000e\000o}{subsection.4.1.1}% 36
\BOOKMARK [0][-]{chapter.5}{\376\377\000K\000E\000S\000I\000M\000P\000U\000L\000A\000N\000\040\000D\000A\000N\000\040\000S\000A\000R\000A\000N}{}% 37
\BOOKMARK [1][-]{section.5.1}{\376\377\000K\000e\000s\000i\000m\000p\000u\000l\000a\000n}{chapter.5}% 38
\BOOKMARK [1][-]{section.5.2}{\376\377\000S\000a\000r\000a\000n}{chapter.5}% 39
\BOOKMARK [0][-]{pagetop.21}{\376\377\000D\000A\000F\000T\000A\000R\000\040\000P\000U\000S\000T\000A\000K\000A}{}% 40
\BOOKMARK [0][-]{pagetop.L-1}{\376\377\000L\000A\000M\000P\000I\000R\000A\000N}{}% 41
\BOOKMARK [0][-]{pagetop.L-1}{\376\377\000L\000a\000m\000p\000i\000r\000a\000n\000\040\0001\000:\000\040\000A\000l\000g\000o\000r\000i\000t\000h\000m}{}% 42
\BOOKMARK [0][-]{pagetop.L-2}{\376\377\000L\000a\000m\000p\000i\000r\000a\000n\000\040\0002\000:\000\040\000M\000a\000t\000r\000i\000k\000s\000\040\000d\000a\000n\000\040\000K\000o\000d\000e\000\040\000P\000r\000o\000g\000r\000a\000m}{}% 43
